<?xml version="1.0" encoding="UTF-8"?>
<testng-results ignored="0" total="1" passed="1" failed="0" skipped="0">
  <reporter-output>
  </reporter-output>
  <suite started-at="2023-11-05T19:13:14 ART" name="Surefire suite" finished-at="2023-11-05T19:13:34 ART" duration-ms="19672">
    <groups>
    </groups>
    <test started-at="2023-11-05T19:13:14 ART" name="Surefire test" finished-at="2023-11-05T19:13:34 ART" duration-ms="19672">
      <class name="test.CodeChallengeTest">
        <test-method is-config="true" signature="tearUp()[pri:0, instance:test.CodeChallengeTest@163e4e87]" started-at="2023-11-05T19:13:14 ART" name="tearUp" finished-at="2023-11-05T19:13:17 ART" duration-ms="2605" status="PASS">
          <reporter-output>
          </reporter-output>
        </test-method> <!-- tearUp -->
        <test-method signature="CodeChallengeTest()[pri:0, instance:test.CodeChallengeTest@163e4e87]" started-at="2023-11-05T19:13:17 ART" name="CodeChallengeTest" finished-at="2023-11-05T19:13:34 ART" duration-ms="16810" status="PASS">
          <reporter-output>
          </reporter-output>
        </test-method> <!-- CodeChallengeTest -->
        <test-method is-config="true" signature="tearDown()[pri:0, instance:test.CodeChallengeTest@163e4e87]" started-at="2023-11-05T19:13:34 ART" name="tearDown" finished-at="2023-11-05T19:13:34 ART" duration-ms="220" status="PASS">
          <reporter-output>
          </reporter-output>
        </test-method> <!-- tearDown -->
      </class> <!-- test.CodeChallengeTest -->
    </test> <!-- Surefire test -->
  </suite> <!-- Surefire suite -->
</testng-results>
